[35m[1mScanning dependencies of target mono_slam[0m
[ 50%] [32mBuilding CXX object CMakeFiles/mono_slam.dir/src/ros_mono.cc.o[0m
In file included from [01m[K/opt/ros/melodic/include/ros/ros.h:40:0[m[K,
                 from [01m[K/home/sahib/Documents/ORBSlam/Examples/ROS/workspace/src/orb_slam/src/ros_mono.cc:27[m[K:
[01m[K/home/sahib/Documents/ORBSlam/Examples/ROS/workspace/src/orb_slam/src/ros_mono.cc:[m[K In function ‘[01m[Kint main(int, char**)[m[K’:
[01m[K/opt/ros/melodic/include/ros/console.h:381:3:[m[K [01;31m[Kerror: [m[Kexpected unqualified-id before ‘[01m[Kdo[m[K’
   [01;31m[Kd[m[Ko \
   [01;31m[K^[m[K
[01m[K/opt/ros/melodic/include/ros/console.h:572:35:[m[K [01;36m[Knote: [m[Kin expansion of macro ‘[01m[KROS_LOG_COND[m[K’
 #define ROS_LOG(level, name, ...) [01;36m[KROS_LOG_COND[m[K(true, level, name, __VA_ARGS__)
                                   [01;36m[K^~~~~~~~~~~~[m[K
[01m[K/opt/ros/melodic/include/rosconsole/macros_generated.h:110:23:[m[K [01;36m[Knote: [m[Kin expansion of macro ‘[01m[KROS_LOG[m[K’
 #define ROS_INFO(...) [01;36m[KROS_LOG[m[K(::ros::console::levels::Info, ROSCONSOLE_DEFAULT_NAME, __VA_ARGS__)
                       [01;36m[K^~~~~~~[m[K
[01m[K/home/sahib/Documents/ORBSlam/Examples/ROS/workspace/src/orb_slam/src/ros_mono.cc:72:10:[m[K [01;36m[Knote: [m[Kin expansion of macro ‘[01m[KROS_INFO[m[K’
     ros::[01;36m[KR[m[KOS_INFO(VOCAB_FILE);
          [01;36m[K^[m[K
[01m[K/opt/ros/melodic/include/ros/console.h:381:3:[m[K [01;31m[Kerror: [m[Kexpected unqualified-id before ‘[01m[Kdo[m[K’
   [01;31m[Kd[m[Ko \
   [01;31m[K^[m[K
[01m[K/opt/ros/melodic/include/ros/console.h:572:35:[m[K [01;36m[Knote: [m[Kin expansion of macro ‘[01m[KROS_LOG_COND[m[K’
 #define ROS_LOG(level, name, ...) [01;36m[KROS_LOG_COND[m[K(true, level, name, __VA_ARGS__)
                                   [01;36m[K^~~~~~~~~~~~[m[K
[01m[K/opt/ros/melodic/include/rosconsole/macros_generated.h:110:23:[m[K [01;36m[Knote: [m[Kin expansion of macro ‘[01m[KROS_LOG[m[K’
 #define ROS_INFO(...) [01;36m[KROS_LOG[m[K(::ros::console::levels::Info, ROSCONSOLE_DEFAULT_NAME, __VA_ARGS__)
                       [01;36m[K^~~~~~~[m[K
[01m[K/home/sahib/Documents/ORBSlam/Examples/ROS/workspace/src/orb_slam/src/ros_mono.cc:73:10:[m[K [01;36m[Knote: [m[Kin expansion of macro ‘[01m[KROS_INFO[m[K’
     ros::[01;36m[KR[m[KOS_INFO(SETTINGS_FILE);
          [01;36m[K^[m[K
CMakeFiles/mono_slam.dir/build.make:62: recipe for target 'CMakeFiles/mono_slam.dir/src/ros_mono.cc.o' failed
make[2]: *** [CMakeFiles/mono_slam.dir/src/ros_mono.cc.o] Error 1
CMakeFiles/Makefile2:1635: recipe for target 'CMakeFiles/mono_slam.dir/all' failed
make[1]: *** [CMakeFiles/mono_slam.dir/all] Error 2
Makefile:140: recipe for target 'all' failed
make: *** [all] Error 2
