In file included from [01m[K/home/sahib/Documents/ORBSlam/Examples/ROS/workspace/src/orb_slam/../../../../../Thirdparty/g2o/g2o/types/types_seven_dof_expmap.h:34:0[m[K,
                 from [01m[K/home/sahib/Documents/ORBSlam/Thirdparty/Pangolin/include/../../../include/LoopClosing.h:34[m[K,
                 from [01m[K/home/sahib/Documents/ORBSlam/Thirdparty/Pangolin/include/../../../include/LocalMapping.h:26[m[K,
                 from [01m[K/home/sahib/Documents/ORBSlam/Thirdparty/Pangolin/include/../../../include/Tracking.h:31[m[K,
                 from [01m[K/home/sahib/Documents/ORBSlam/Thirdparty/Pangolin/include/../../../include/System.h:30[m[K,
                 from [01m[K/home/sahib/Documents/ORBSlam/Examples/ROS/workspace/src/orb_slam/src/ros_mono.cc:32[m[K:
[01m[K/home/sahib/Documents/ORBSlam/Examples/ROS/workspace/src/orb_slam/../../../../../Thirdparty/g2o/g2o/types/../core/base_vertex.h:62:74:[m[K [01;35m[Kwarning: [m[K‘[01m[KEigen::AlignedBit[m[K’ is deprecated [[01;35m[K-Wdeprecated-declarations[m[K]
     typedef Eigen::Map<Matrix<double, D, D>, Matrix<double,D,D>::Flags & [01;35m[KAlignedBit[m[K ? Aligned : Unaligned >  HessianBlockType;
                                                                          [01;35m[K^~~~~~~~~~[m[K
In file included from [01m[K/usr/include/eigen3/Eigen/Core:344:0[m[K,
                 from [01m[K/home/sahib/Documents/ORBSlam/Thirdparty/Pangolin/include/pangolin/display/opengl_render_state.h:40[m[K,
                 from [01m[K/home/sahib/Documents/ORBSlam/Thirdparty/Pangolin/include/pangolin/display/viewport.h:31[m[K,
                 from [01m[K/home/sahib/Documents/ORBSlam/Thirdparty/Pangolin/include/pangolin/gl/gl.h:30[m[K,
                 from [01m[K/home/sahib/Documents/ORBSlam/Thirdparty/Pangolin/include/pangolin/pangolin.h:33[m[K,
                 from [01m[K/home/sahib/Documents/ORBSlam/Thirdparty/Pangolin/include/../../../include/MapDrawer.h:27[m[K,
                 from [01m[K/home/sahib/Documents/ORBSlam/Thirdparty/Pangolin/include/../../../include/Viewer.h:26[m[K,
                 from [01m[K/home/sahib/Documents/ORBSlam/Thirdparty/Pangolin/include/../../../include/Tracking.h:28[m[K,
                 from [01m[K/home/sahib/Documents/ORBSlam/Thirdparty/Pangolin/include/../../../include/System.h:30[m[K,
                 from [01m[K/home/sahib/Documents/ORBSlam/Examples/ROS/workspace/src/orb_slam/src/ros_mono.cc:32[m[K:
[01m[K/usr/include/eigen3/Eigen/src/Core/util/Constants.h:162:37:[m[K [01;36m[Knote: [m[Kdeclared here
 EIGEN_DEPRECATED const unsigned int [01;36m[KAlignedBit[m[K = 0x80;
                                     [01;36m[K^~~~~~~~~~[m[K
In file included from [01m[K/home/sahib/Documents/ORBSlam/Examples/ROS/workspace/src/orb_slam/../../../../../Thirdparty/g2o/g2o/types/types_seven_dof_expmap.h:35:0[m[K,
                 from [01m[K/home/sahib/Documents/ORBSlam/Thirdparty/Pangolin/include/../../../include/LoopClosing.h:34[m[K,
                 from [01m[K/home/sahib/Documents/ORBSlam/Thirdparty/Pangolin/include/../../../include/LocalMapping.h:26[m[K,
                 from [01m[K/home/sahib/Documents/ORBSlam/Thirdparty/Pangolin/include/../../../include/Tracking.h:31[m[K,
                 from [01m[K/home/sahib/Documents/ORBSlam/Thirdparty/Pangolin/include/../../../include/System.h:30[m[K,
                 from [01m[K/home/sahib/Documents/ORBSlam/Examples/ROS/workspace/src/orb_slam/src/ros_mono.cc:32[m[K:
[01m[K/home/sahib/Documents/ORBSlam/Examples/ROS/workspace/src/orb_slam/../../../../../Thirdparty/g2o/g2o/types/../core/base_binary_edge.h:59:82:[m[K [01;35m[Kwarning: [m[K‘[01m[KEigen::AlignedBit[m[K’ is deprecated [[01;35m[K-Wdeprecated-declarations[m[K]
       typedef Eigen::Map<Matrix<double, Di, Dj>, Matrix<double, Di, Dj>::Flags & [01;35m[KAlignedBit[m[K ? Aligned : Unaligned > HessianBlockType;
                                                                                  [01;35m[K^~~~~~~~~~[m[K
In file included from [01m[K/usr/include/eigen3/Eigen/Core:344:0[m[K,
                 from [01m[K/home/sahib/Documents/ORBSlam/Thirdparty/Pangolin/include/pangolin/display/opengl_render_state.h:40[m[K,
                 from [01m[K/home/sahib/Documents/ORBSlam/Thirdparty/Pangolin/include/pangolin/display/viewport.h:31[m[K,
                 from [01m[K/home/sahib/Documents/ORBSlam/Thirdparty/Pangolin/include/pangolin/gl/gl.h:30[m[K,
                 from [01m[K/home/sahib/Documents/ORBSlam/Thirdparty/Pangolin/include/pangolin/pangolin.h:33[m[K,
                 from [01m[K/home/sahib/Documents/ORBSlam/Thirdparty/Pangolin/include/../../../include/MapDrawer.h:27[m[K,
                 from [01m[K/home/sahib/Documents/ORBSlam/Thirdparty/Pangolin/include/../../../include/Viewer.h:26[m[K,
                 from [01m[K/home/sahib/Documents/ORBSlam/Thirdparty/Pangolin/include/../../../include/Tracking.h:28[m[K,
                 from [01m[K/home/sahib/Documents/ORBSlam/Thirdparty/Pangolin/include/../../../include/System.h:30[m[K,
                 from [01m[K/home/sahib/Documents/ORBSlam/Examples/ROS/workspace/src/orb_slam/src/ros_mono.cc:32[m[K:
[01m[K/usr/include/eigen3/Eigen/src/Core/util/Constants.h:162:37:[m[K [01;36m[Knote: [m[Kdeclared here
 EIGEN_DEPRECATED const unsigned int [01;36m[KAlignedBit[m[K = 0x80;
                                     [01;36m[K^~~~~~~~~~[m[K
In file included from [01m[K/home/sahib/Documents/ORBSlam/Examples/ROS/workspace/src/orb_slam/../../../../../Thirdparty/g2o/g2o/types/types_seven_dof_expmap.h:35:0[m[K,
                 from [01m[K/home/sahib/Documents/ORBSlam/Thirdparty/Pangolin/include/../../../include/LoopClosing.h:34[m[K,
                 from [01m[K/home/sahib/Documents/ORBSlam/Thirdparty/Pangolin/include/../../../include/LocalMapping.h:26[m[K,
                 from [01m[K/home/sahib/Documents/ORBSlam/Thirdparty/Pangolin/include/../../../include/Tracking.h:31[m[K,
                 from [01m[K/home/sahib/Documents/ORBSlam/Thirdparty/Pangolin/include/../../../include/System.h:30[m[K,
                 from [01m[K/home/sahib/Documents/ORBSlam/Examples/ROS/workspace/src/orb_slam/src/ros_mono.cc:32[m[K:
[01m[K/home/sahib/Documents/ORBSlam/Examples/ROS/workspace/src/orb_slam/../../../../../Thirdparty/g2o/g2o/types/../core/base_binary_edge.h:60:82:[m[K [01;35m[Kwarning: [m[K‘[01m[KEigen::AlignedBit[m[K’ is deprecated [[01;35m[K-Wdeprecated-declarations[m[K]
       typedef Eigen::Map<Matrix<double, Dj, Di>, Matrix<double, Dj, Di>::Flags & [01;35m[KAlignedBit[m[K ? Aligned : Unaligned > HessianBlockTransposedType;
                                                                                  [01;35m[K^~~~~~~~~~[m[K
In file included from [01m[K/usr/include/eigen3/Eigen/Core:344:0[m[K,
                 from [01m[K/home/sahib/Documents/ORBSlam/Thirdparty/Pangolin/include/pangolin/display/opengl_render_state.h:40[m[K,
                 from [01m[K/home/sahib/Documents/ORBSlam/Thirdparty/Pangolin/include/pangolin/display/viewport.h:31[m[K,
                 from [01m[K/home/sahib/Documents/ORBSlam/Thirdparty/Pangolin/include/pangolin/gl/gl.h:30[m[K,
                 from [01m[K/home/sahib/Documents/ORBSlam/Thirdparty/Pangolin/include/pangolin/pangolin.h:33[m[K,
                 from [01m[K/home/sahib/Documents/ORBSlam/Thirdparty/Pangolin/include/../../../include/MapDrawer.h:27[m[K,
                 from [01m[K/home/sahib/Documents/ORBSlam/Thirdparty/Pangolin/include/../../../include/Viewer.h:26[m[K,
                 from [01m[K/home/sahib/Documents/ORBSlam/Thirdparty/Pangolin/include/../../../include/Tracking.h:28[m[K,
                 from [01m[K/home/sahib/Documents/ORBSlam/Thirdparty/Pangolin/include/../../../include/System.h:30[m[K,
                 from [01m[K/home/sahib/Documents/ORBSlam/Examples/ROS/workspace/src/orb_slam/src/ros_mono.cc:32[m[K:
[01m[K/usr/include/eigen3/Eigen/src/Core/util/Constants.h:162:37:[m[K [01;36m[Knote: [m[Kdeclared here
 EIGEN_DEPRECATED const unsigned int [01;36m[KAlignedBit[m[K = 0x80;
                                     [01;36m[K^~~~~~~~~~[m[K
In file included from [01m[K/home/sahib/Documents/ORBSlam/Examples/ROS/workspace/src/orb_slam/../../../../../Thirdparty/g2o/g2o/types/types_seven_dof_expmap.h:34:0[m[K,
                 from [01m[K/home/sahib/Documents/ORBSlam/Thirdparty/Pangolin/include/../../../include/LoopClosing.h:34[m[K,
                 from [01m[K/home/sahib/Documents/ORBSlam/Thirdparty/Pangolin/include/../../../include/LocalMapping.h:26[m[K,
                 from [01m[K/home/sahib/Documents/ORBSlam/Thirdparty/Pangolin/include/../../../include/Tracking.h:31[m[K,
                 from [01m[K/home/sahib/Documents/ORBSlam/Thirdparty/Pangolin/include/../../../include/System.h:30[m[K,
                 from [01m[K/home/sahib/Documents/ORBSlam/Examples/ROS/workspace/src/orb_slam/src/ros_mono.cc:32[m[K:
/home/sahib/Documents/ORBSlam/Examples/ROS/workspace/src/orb_slam/../../../../../Thirdparty/g2o/g2o/types/../core/base_vertex.h: In instantiation of ‘[01m[Kclass g2o::BaseVertex<3, Eigen::Matrix<double, 3, 1> >[m[K’:
[01m[K/home/sahib/Documents/ORBSlam/Examples/ROS/workspace/src/orb_slam/../../../../../Thirdparty/g2o/g2o/types/types_sba.h:40:35:[m[K   required from here
[01m[K/home/sahib/Documents/ORBSlam/Examples/ROS/workspace/src/orb_slam/../../../../../Thirdparty/g2o/g2o/types/../core/base_vertex.h:62:72:[m[K [01;35m[Kwarning: [m[K‘[01m[KEigen::AlignedBit[m[K’ is deprecated [[01;35m[K-Wdeprecated-declarations[m[K]
     typedef Eigen::Map<Matrix<double, D, D>, [01;35m[KMatrix<double,D,D>::Flags & AlignedBit[m[K ? Aligned : Unaligned >  HessianBlockType;
                                              [01;35m[K~~~~~~~~~~~~~~~~~~~~~~~~~~^~~~~~~~~~~~[m[K
In file included from [01m[K/usr/include/eigen3/Eigen/Core:344:0[m[K,
                 from [01m[K/home/sahib/Documents/ORBSlam/Thirdparty/Pangolin/include/pangolin/display/opengl_render_state.h:40[m[K,
                 from [01m[K/home/sahib/Documents/ORBSlam/Thirdparty/Pangolin/include/pangolin/display/viewport.h:31[m[K,
                 from [01m[K/home/sahib/Documents/ORBSlam/Thirdparty/Pangolin/include/pangolin/gl/gl.h:30[m[K,
                 from [01m[K/home/sahib/Documents/ORBSlam/Thirdparty/Pangolin/include/pangolin/pangolin.h:33[m[K,
                 from [01m[K/home/sahib/Documents/ORBSlam/Thirdparty/Pangolin/include/../../../include/MapDrawer.h:27[m[K,
                 from [01m[K/home/sahib/Documents/ORBSlam/Thirdparty/Pangolin/include/../../../include/Viewer.h:26[m[K,
                 from [01m[K/home/sahib/Documents/ORBSlam/Thirdparty/Pangolin/include/../../../include/Tracking.h:28[m[K,
                 from [01m[K/home/sahib/Documents/ORBSlam/Thirdparty/Pangolin/include/../../../include/System.h:30[m[K,
                 from [01m[K/home/sahib/Documents/ORBSlam/Examples/ROS/workspace/src/orb_slam/src/ros_mono.cc:32[m[K:
[01m[K/usr/include/eigen3/Eigen/src/Core/util/Constants.h:162:37:[m[K [01;36m[Knote: [m[Kdeclared here
 EIGEN_DEPRECATED const unsigned int [01;36m[KAlignedBit[m[K = 0x80;
                                     [01;36m[K^~~~~~~~~~[m[K
In file included from [01m[K/home/sahib/Documents/ORBSlam/Examples/ROS/workspace/src/orb_slam/../../../../../Thirdparty/g2o/g2o/types/types_seven_dof_expmap.h:34:0[m[K,
                 from [01m[K/home/sahib/Documents/ORBSlam/Thirdparty/Pangolin/include/../../../include/LoopClosing.h:34[m[K,
                 from [01m[K/home/sahib/Documents/ORBSlam/Thirdparty/Pangolin/include/../../../include/LocalMapping.h:26[m[K,
                 from [01m[K/home/sahib/Documents/ORBSlam/Thirdparty/Pangolin/include/../../../include/Tracking.h:31[m[K,
                 from [01m[K/home/sahib/Documents/ORBSlam/Thirdparty/Pangolin/include/../../../include/System.h:30[m[K,
                 from [01m[K/home/sahib/Documents/ORBSlam/Examples/ROS/workspace/src/orb_slam/src/ros_mono.cc:32[m[K:
/home/sahib/Documents/ORBSlam/Examples/ROS/workspace/src/orb_slam/../../../../../Thirdparty/g2o/g2o/types/../core/base_vertex.h: In instantiation of ‘[01m[Kclass g2o::BaseVertex<6, g2o::SE3Quat>[m[K’:
[01m[K/home/sahib/Documents/ORBSlam/Examples/ROS/workspace/src/orb_slam/../../../../../Thirdparty/g2o/g2o/types/types_six_dof_expmap.h:59:33:[m[K   required from here
[01m[K/home/sahib/Documents/ORBSlam/Examples/ROS/workspace/src/orb_slam/../../../../../Thirdparty/g2o/g2o/types/../core/base_vertex.h:62:72:[m[K [01;35m[Kwarning: [m[K‘[01m[KEigen::AlignedBit[m[K’ is deprecated [[01;35m[K-Wdeprecated-declarations[m[K]
     typedef Eigen::Map<Matrix<double, D, D>, [01;35m[KMatrix<double,D,D>::Flags & AlignedBit[m[K ? Aligned : Unaligned >  HessianBlockType;
                                              [01;35m[K~~~~~~~~~~~~~~~~~~~~~~~~~~^~~~~~~~~~~~[m[K
In file included from [01m[K/usr/include/eigen3/Eigen/Core:344:0[m[K,
                 from [01m[K/home/sahib/Documents/ORBSlam/Thirdparty/Pangolin/include/pangolin/display/opengl_render_state.h:40[m[K,
                 from [01m[K/home/sahib/Documents/ORBSlam/Thirdparty/Pangolin/include/pangolin/display/viewport.h:31[m[K,
                 from [01m[K/home/sahib/Documents/ORBSlam/Thirdparty/Pangolin/include/pangolin/gl/gl.h:30[m[K,
                 from [01m[K/home/sahib/Documents/ORBSlam/Thirdparty/Pangolin/include/pangolin/pangolin.h:33[m[K,
                 from [01m[K/home/sahib/Documents/ORBSlam/Thirdparty/Pangolin/include/../../../include/MapDrawer.h:27[m[K,
                 from [01m[K/home/sahib/Documents/ORBSlam/Thirdparty/Pangolin/include/../../../include/Viewer.h:26[m[K,
                 from [01m[K/home/sahib/Documents/ORBSlam/Thirdparty/Pangolin/include/../../../include/Tracking.h:28[m[K,
                 from [01m[K/home/sahib/Documents/ORBSlam/Thirdparty/Pangolin/include/../../../include/System.h:30[m[K,
                 from [01m[K/home/sahib/Documents/ORBSlam/Examples/ROS/workspace/src/orb_slam/src/ros_mono.cc:32[m[K:
[01m[K/usr/include/eigen3/Eigen/src/Core/util/Constants.h:162:37:[m[K [01;36m[Knote: [m[Kdeclared here
 EIGEN_DEPRECATED const unsigned int [01;36m[KAlignedBit[m[K = 0x80;
                                     [01;36m[K^~~~~~~~~~[m[K
In file included from [01m[K/home/sahib/Documents/ORBSlam/Examples/ROS/workspace/src/orb_slam/../../../../../Thirdparty/g2o/g2o/types/types_seven_dof_expmap.h:35:0[m[K,
                 from [01m[K/home/sahib/Documents/ORBSlam/Thirdparty/Pangolin/include/../../../include/LoopClosing.h:34[m[K,
                 from [01m[K/home/sahib/Documents/ORBSlam/Thirdparty/Pangolin/include/../../../include/LocalMapping.h:26[m[K,
                 from [01m[K/home/sahib/Documents/ORBSlam/Thirdparty/Pangolin/include/../../../include/Tracking.h:31[m[K,
                 from [01m[K/home/sahib/Documents/ORBSlam/Thirdparty/Pangolin/include/../../../include/System.h:30[m[K,
                 from [01m[K/home/sahib/Documents/ORBSlam/Examples/ROS/workspace/src/orb_slam/src/ros_mono.cc:32[m[K:
/home/sahib/Documents/ORBSlam/Examples/ROS/workspace/src/orb_slam/../../../../../Thirdparty/g2o/g2o/types/../core/base_binary_edge.h: In instantiation of ‘[01m[Kclass g2o::BaseBinaryEdge<2, Eigen::Matrix<double, 2, 1>, g2o::VertexSBAPointXYZ, g2o::VertexSE3Expmap>[m[K’:
[01m[K/home/sahib/Documents/ORBSlam/Examples/ROS/workspace/src/orb_slam/../../../../../Thirdparty/g2o/g2o/types/types_six_dof_expmap.h:80:35:[m[K   required from here
[01m[K/home/sahib/Documents/ORBSlam/Examples/ROS/workspace/src/orb_slam/../../../../../Thirdparty/g2o/g2o/types/../core/base_binary_edge.h:59:80:[m[K [01;35m[Kwarning: [m[K‘[01m[KEigen::AlignedBit[m[K’ is deprecated [[01;35m[K-Wdeprecated-declarations[m[K]
       typedef Eigen::Map<Matrix<double, Di, Dj>, [01;35m[KMatrix<double, Di, Dj>::Flags & AlignedBit[m[K ? Aligned : Unaligned > HessianBlockType;
                                                  [01;35m[K~~~~~~~~~~~~~~~~~~~~~~~~~~~~~~^~~~~~~~~~~~[m[K
In file included from [01m[K/usr/include/eigen3/Eigen/Core:344:0[m[K,
                 from [01m[K/home/sahib/Documents/ORBSlam/Thirdparty/Pangolin/include/pangolin/display/opengl_render_state.h:40[m[K,
                 from [01m[K/home/sahib/Documents/ORBSlam/Thirdparty/Pangolin/include/pangolin/display/viewport.h:31[m[K,
                 from [01m[K/home/sahib/Documents/ORBSlam/Thirdparty/Pangolin/include/pangolin/gl/gl.h:30[m[K,
                 from [01m[K/home/sahib/Documents/ORBSlam/Thirdparty/Pangolin/include/pangolin/pangolin.h:33[m[K,
                 from [01m[K/home/sahib/Documents/ORBSlam/Thirdparty/Pangolin/include/../../../include/MapDrawer.h:27[m[K,
                 from [01m[K/home/sahib/Documents/ORBSlam/Thirdparty/Pangolin/include/../../../include/Viewer.h:26[m[K,
                 from [01m[K/home/sahib/Documents/ORBSlam/Thirdparty/Pangolin/include/../../../include/Tracking.h:28[m[K,
                 from [01m[K/home/sahib/Documents/ORBSlam/Thirdparty/Pangolin/include/../../../include/System.h:30[m[K,
                 from [01m[K/home/sahib/Documents/ORBSlam/Examples/ROS/workspace/src/orb_slam/src/ros_mono.cc:32[m[K:
[01m[K/usr/include/eigen3/Eigen/src/Core/util/Constants.h:162:37:[m[K [01;36m[Knote: [m[Kdeclared here
 EIGEN_DEPRECATED const unsigned int [01;36m[KAlignedBit[m[K = 0x80;
                                     [01;36m[K^~~~~~~~~~[m[K
In file included from [01m[K/home/sahib/Documents/ORBSlam/Examples/ROS/workspace/src/orb_slam/../../../../../Thirdparty/g2o/g2o/types/types_seven_dof_expmap.h:35:0[m[K,
                 from [01m[K/home/sahib/Documents/ORBSlam/Thirdparty/Pangolin/include/../../../include/LoopClosing.h:34[m[K,
                 from [01m[K/home/sahib/Documents/ORBSlam/Thirdparty/Pangolin/include/../../../include/LocalMapping.h:26[m[K,
                 from [01m[K/home/sahib/Documents/ORBSlam/Thirdparty/Pangolin/include/../../../include/Tracking.h:31[m[K,
                 from [01m[K/home/sahib/Documents/ORBSlam/Thirdparty/Pangolin/include/../../../include/System.h:30[m[K,
                 from [01m[K/home/sahib/Documents/ORBSlam/Examples/ROS/workspace/src/orb_slam/src/ros_mono.cc:32[m[K:
[01m[K/home/sahib/Documents/ORBSlam/Examples/ROS/workspace/src/orb_slam/../../../../../Thirdparty/g2o/g2o/types/../core/base_binary_edge.h:60:80:[m[K [01;35m[Kwarning: [m[K‘[01m[KEigen::AlignedBit[m[K’ is deprecated [[01;35m[K-Wdeprecated-declarations[m[K]
       typedef Eigen::Map<Matrix<double, Dj, Di>, [01;35m[KMatrix<double, Dj, Di>::Flags & AlignedBit[m[K ? Aligned : Unaligned > HessianBlockTransposedType;
                                                  [01;35m[K~~~~~~~~~~~~~~~~~~~~~~~~~~~~~~^~~~~~~~~~~~[m[K
In file included from [01m[K/usr/include/eigen3/Eigen/Core:344:0[m[K,
                 from [01m[K/home/sahib/Documents/ORBSlam/Thirdparty/Pangolin/include/pangolin/display/opengl_render_state.h:40[m[K,
                 from [01m[K/home/sahib/Documents/ORBSlam/Thirdparty/Pangolin/include/pangolin/display/viewport.h:31[m[K,
                 from [01m[K/home/sahib/Documents/ORBSlam/Thirdparty/Pangolin/include/pangolin/gl/gl.h:30[m[K,
                 from [01m[K/home/sahib/Documents/ORBSlam/Thirdparty/Pangolin/include/pangolin/pangolin.h:33[m[K,
                 from [01m[K/home/sahib/Documents/ORBSlam/Thirdparty/Pangolin/include/../../../include/MapDrawer.h:27[m[K,
                 from [01m[K/home/sahib/Documents/ORBSlam/Thirdparty/Pangolin/include/../../../include/Viewer.h:26[m[K,
                 from [01m[K/home/sahib/Documents/ORBSlam/Thirdparty/Pangolin/include/../../../include/Tracking.h:28[m[K,
                 from [01m[K/home/sahib/Documents/ORBSlam/Thirdparty/Pangolin/include/../../../include/System.h:30[m[K,
                 from [01m[K/home/sahib/Documents/ORBSlam/Examples/ROS/workspace/src/orb_slam/src/ros_mono.cc:32[m[K:
[01m[K/usr/include/eigen3/Eigen/src/Core/util/Constants.h:162:37:[m[K [01;36m[Knote: [m[Kdeclared here
 EIGEN_DEPRECATED const unsigned int [01;36m[KAlignedBit[m[K = 0x80;
                                     [01;36m[K^~~~~~~~~~[m[K
In file included from [01m[K/home/sahib/Documents/ORBSlam/Examples/ROS/workspace/src/orb_slam/../../../../../Thirdparty/g2o/g2o/types/types_seven_dof_expmap.h:35:0[m[K,
                 from [01m[K/home/sahib/Documents/ORBSlam/Thirdparty/Pangolin/include/../../../include/LoopClosing.h:34[m[K,
                 from [01m[K/home/sahib/Documents/ORBSlam/Thirdparty/Pangolin/include/../../../include/LocalMapping.h:26[m[K,
                 from [01m[K/home/sahib/Documents/ORBSlam/Thirdparty/Pangolin/include/../../../include/Tracking.h:31[m[K,
                 from [01m[K/home/sahib/Documents/ORBSlam/Thirdparty/Pangolin/include/../../../include/System.h:30[m[K,
                 from [01m[K/home/sahib/Documents/ORBSlam/Examples/ROS/workspace/src/orb_slam/src/ros_mono.cc:32[m[K:
/home/sahib/Documents/ORBSlam/Examples/ROS/workspace/src/orb_slam/../../../../../Thirdparty/g2o/g2o/types/../core/base_binary_edge.h: In instantiation of ‘[01m[Kclass g2o::BaseBinaryEdge<3, Eigen::Matrix<double, 3, 1>, g2o::VertexSBAPointXYZ, g2o::VertexSE3Expmap>[m[K’:
[01m[K/home/sahib/Documents/ORBSlam/Examples/ROS/workspace/src/orb_slam/../../../../../Thirdparty/g2o/g2o/types/types_six_dof_expmap.h:112:41:[m[K   required from here
[01m[K/home/sahib/Documents/ORBSlam/Examples/ROS/workspace/src/orb_slam/../../../../../Thirdparty/g2o/g2o/types/../core/base_binary_edge.h:59:80:[m[K [01;35m[Kwarning: [m[K‘[01m[KEigen::AlignedBit[m[K’ is deprecated [[01;35m[K-Wdeprecated-declarations[m[K]
       typedef Eigen::Map<Matrix<double, Di, Dj>, [01;35m[KMatrix<double, Di, Dj>::Flags & AlignedBit[m[K ? Aligned : Unaligned > HessianBlockType;
                                                  [01;35m[K~~~~~~~~~~~~~~~~~~~~~~~~~~~~~~^~~~~~~~~~~~[m[K
In file included from [01m[K/usr/include/eigen3/Eigen/Core:344:0[m[K,
                 from [01m[K/home/sahib/Documents/ORBSlam/Thirdparty/Pangolin/include/pangolin/display/opengl_render_state.h:40[m[K,
                 from [01m[K/home/sahib/Documents/ORBSlam/Thirdparty/Pangolin/include/pangolin/display/viewport.h:31[m[K,
                 from [01m[K/home/sahib/Documents/ORBSlam/Thirdparty/Pangolin/include/pangolin/gl/gl.h:30[m[K,
                 from [01m[K/home/sahib/Documents/ORBSlam/Thirdparty/Pangolin/include/pangolin/pangolin.h:33[m[K,
                 from [01m[K/home/sahib/Documents/ORBSlam/Thirdparty/Pangolin/include/../../../include/MapDrawer.h:27[m[K,
                 from [01m[K/home/sahib/Documents/ORBSlam/Thirdparty/Pangolin/include/../../../include/Viewer.h:26[m[K,
                 from [01m[K/home/sahib/Documents/ORBSlam/Thirdparty/Pangolin/include/../../../include/Tracking.h:28[m[K,
                 from [01m[K/home/sahib/Documents/ORBSlam/Thirdparty/Pangolin/include/../../../include/System.h:30[m[K,
                 from [01m[K/home/sahib/Documents/ORBSlam/Examples/ROS/workspace/src/orb_slam/src/ros_mono.cc:32[m[K:
[01m[K/usr/include/eigen3/Eigen/src/Core/util/Constants.h:162:37:[m[K [01;36m[Knote: [m[Kdeclared here
 EIGEN_DEPRECATED const unsigned int [01;36m[KAlignedBit[m[K = 0x80;
                                     [01;36m[K^~~~~~~~~~[m[K
In file included from [01m[K/home/sahib/Documents/ORBSlam/Examples/ROS/workspace/src/orb_slam/../../../../../Thirdparty/g2o/g2o/types/types_seven_dof_expmap.h:35:0[m[K,
                 from [01m[K/home/sahib/Documents/ORBSlam/Thirdparty/Pangolin/include/../../../include/LoopClosing.h:34[m[K,
                 from [01m[K/home/sahib/Documents/ORBSlam/Thirdparty/Pangolin/include/../../../include/LocalMapping.h:26[m[K,
                 from [01m[K/home/sahib/Documents/ORBSlam/Thirdparty/Pangolin/include/../../../include/Tracking.h:31[m[K,
                 from [01m[K/home/sahib/Documents/ORBSlam/Thirdparty/Pangolin/include/../../../include/System.h:30[m[K,
                 from [01m[K/home/sahib/Documents/ORBSlam/Examples/ROS/workspace/src/orb_slam/src/ros_mono.cc:32[m[K:
[01m[K/home/sahib/Documents/ORBSlam/Examples/ROS/workspace/src/orb_slam/../../../../../Thirdparty/g2o/g2o/types/../core/base_binary_edge.h:60:80:[m[K [01;35m[Kwarning: [m[K‘[01m[KEigen::AlignedBit[m[K’ is deprecated [[01;35m[K-Wdeprecated-declarations[m[K]
       typedef Eigen::Map<Matrix<double, Dj, Di>, [01;35m[KMatrix<double, Dj, Di>::Flags & AlignedBit[m[K ? Aligned : Unaligned > HessianBlockTransposedType;
                                                  [01;35m[K~~~~~~~~~~~~~~~~~~~~~~~~~~~~~~^~~~~~~~~~~~[m[K
In file included from [01m[K/usr/include/eigen3/Eigen/Core:344:0[m[K,
                 from [01m[K/home/sahib/Documents/ORBSlam/Thirdparty/Pangolin/include/pangolin/display/opengl_render_state.h:40[m[K,
                 from [01m[K/home/sahib/Documents/ORBSlam/Thirdparty/Pangolin/include/pangolin/display/viewport.h:31[m[K,
                 from [01m[K/home/sahib/Documents/ORBSlam/Thirdparty/Pangolin/include/pangolin/gl/gl.h:30[m[K,
                 from [01m[K/home/sahib/Documents/ORBSlam/Thirdparty/Pangolin/include/pangolin/pangolin.h:33[m[K,
                 from [01m[K/home/sahib/Documents/ORBSlam/Thirdparty/Pangolin/include/../../../include/MapDrawer.h:27[m[K,
                 from [01m[K/home/sahib/Documents/ORBSlam/Thirdparty/Pangolin/include/../../../include/Viewer.h:26[m[K,
                 from [01m[K/home/sahib/Documents/ORBSlam/Thirdparty/Pangolin/include/../../../include/Tracking.h:28[m[K,
                 from [01m[K/home/sahib/Documents/ORBSlam/Thirdparty/Pangolin/include/../../../include/System.h:30[m[K,
                 from [01m[K/home/sahib/Documents/ORBSlam/Examples/ROS/workspace/src/orb_slam/src/ros_mono.cc:32[m[K:
[01m[K/usr/include/eigen3/Eigen/src/Core/util/Constants.h:162:37:[m[K [01;36m[Knote: [m[Kdeclared here
 EIGEN_DEPRECATED const unsigned int [01;36m[KAlignedBit[m[K = 0x80;
                                     [01;36m[K^~~~~~~~~~[m[K
In file included from [01m[K/home/sahib/Documents/ORBSlam/Examples/ROS/workspace/src/orb_slam/../../../../../Thirdparty/g2o/g2o/types/types_seven_dof_expmap.h:34:0[m[K,
                 from [01m[K/home/sahib/Documents/ORBSlam/Thirdparty/Pangolin/include/../../../include/LoopClosing.h:34[m[K,
                 from [01m[K/home/sahib/Documents/ORBSlam/Thirdparty/Pangolin/include/../../../include/LocalMapping.h:26[m[K,
                 from [01m[K/home/sahib/Documents/ORBSlam/Thirdparty/Pangolin/include/../../../include/Tracking.h:31[m[K,
                 from [01m[K/home/sahib/Documents/ORBSlam/Thirdparty/Pangolin/include/../../../include/System.h:30[m[K,
                 from [01m[K/home/sahib/Documents/ORBSlam/Examples/ROS/workspace/src/orb_slam/src/ros_mono.cc:32[m[K:
/home/sahib/Documents/ORBSlam/Examples/ROS/workspace/src/orb_slam/../../../../../Thirdparty/g2o/g2o/types/../core/base_vertex.h: In instantiation of ‘[01m[Kclass g2o::BaseVertex<7, g2o::Sim3>[m[K’:
[01m[K/home/sahib/Documents/ORBSlam/Examples/ROS/workspace/src/orb_slam/../../../../../Thirdparty/g2o/g2o/types/types_seven_dof_expmap.h:48:35:[m[K   required from here
[01m[K/home/sahib/Documents/ORBSlam/Examples/ROS/workspace/src/orb_slam/../../../../../Thirdparty/g2o/g2o/types/../core/base_vertex.h:62:72:[m[K [01;35m[Kwarning: [m[K‘[01m[KEigen::AlignedBit[m[K’ is deprecated [[01;35m[K-Wdeprecated-declarations[m[K]
     typedef Eigen::Map<Matrix<double, D, D>, [01;35m[KMatrix<double,D,D>::Flags & AlignedBit[m[K ? Aligned : Unaligned >  HessianBlockType;
                                              [01;35m[K~~~~~~~~~~~~~~~~~~~~~~~~~~^~~~~~~~~~~~[m[K
In file included from [01m[K/usr/include/eigen3/Eigen/Core:344:0[m[K,
                 from [01m[K/home/sahib/Documents/ORBSlam/Thirdparty/Pangolin/include/pangolin/display/opengl_render_state.h:40[m[K,
                 from [01m[K/home/sahib/Documents/ORBSlam/Thirdparty/Pangolin/include/pangolin/display/viewport.h:31[m[K,
                 from [01m[K/home/sahib/Documents/ORBSlam/Thirdparty/Pangolin/include/pangolin/gl/gl.h:30[m[K,
                 from [01m[K/home/sahib/Documents/ORBSlam/Thirdparty/Pangolin/include/pangolin/pangolin.h:33[m[K,
                 from [01m[K/home/sahib/Documents/ORBSlam/Thirdparty/Pangolin/include/../../../include/MapDrawer.h:27[m[K,
                 from [01m[K/home/sahib/Documents/ORBSlam/Thirdparty/Pangolin/include/../../../include/Viewer.h:26[m[K,
                 from [01m[K/home/sahib/Documents/ORBSlam/Thirdparty/Pangolin/include/../../../include/Tracking.h:28[m[K,
                 from [01m[K/home/sahib/Documents/ORBSlam/Thirdparty/Pangolin/include/../../../include/System.h:30[m[K,
                 from [01m[K/home/sahib/Documents/ORBSlam/Examples/ROS/workspace/src/orb_slam/src/ros_mono.cc:32[m[K:
[01m[K/usr/include/eigen3/Eigen/src/Core/util/Constants.h:162:37:[m[K [01;36m[Knote: [m[Kdeclared here
 EIGEN_DEPRECATED const unsigned int [01;36m[KAlignedBit[m[K = 0x80;
                                     [01;36m[K^~~~~~~~~~[m[K
In file included from [01m[K/home/sahib/Documents/ORBSlam/Examples/ROS/workspace/src/orb_slam/../../../../../Thirdparty/g2o/g2o/types/types_seven_dof_expmap.h:35:0[m[K,
                 from [01m[K/home/sahib/Documents/ORBSlam/Thirdparty/Pangolin/include/../../../include/LoopClosing.h:34[m[K,
                 from [01m[K/home/sahib/Documents/ORBSlam/Thirdparty/Pangolin/include/../../../include/LocalMapping.h:26[m[K,
                 from [01m[K/home/sahib/Documents/ORBSlam/Thirdparty/Pangolin/include/../../../include/Tracking.h:31[m[K,
                 from [01m[K/home/sahib/Documents/ORBSlam/Thirdparty/Pangolin/include/../../../include/System.h:30[m[K,
                 from [01m[K/home/sahib/Documents/ORBSlam/Examples/ROS/workspace/src/orb_slam/src/ros_mono.cc:32[m[K:
/home/sahib/Documents/ORBSlam/Examples/ROS/workspace/src/orb_slam/../../../../../Thirdparty/g2o/g2o/types/../core/base_binary_edge.h: In instantiation of ‘[01m[Kclass g2o::BaseBinaryEdge<7, g2o::Sim3, g2o::VertexSim3Expmap, g2o::VertexSim3Expmap>[m[K’:
[01m[K/home/sahib/Documents/ORBSlam/Examples/ROS/workspace/src/orb_slam/../../../../../Thirdparty/g2o/g2o/types/types_seven_dof_expmap.h:99:27:[m[K   required from here
[01m[K/home/sahib/Documents/ORBSlam/Examples/ROS/workspace/src/orb_slam/../../../../../Thirdparty/g2o/g2o/types/../core/base_binary_edge.h:59:80:[m[K [01;35m[Kwarning: [m[K‘[01m[KEigen::AlignedBit[m[K’ is deprecated [[01;35m[K-Wdeprecated-declarations[m[K]
       typedef Eigen::Map<Matrix<double, Di, Dj>, [01;35m[KMatrix<double, Di, Dj>::Flags & AlignedBit[m[K ? Aligned : Unaligned > HessianBlockType;
                                                  [01;35m[K~~~~~~~~~~~~~~~~~~~~~~~~~~~~~~^~~~~~~~~~~~[m[K
In file included from [01m[K/usr/include/eigen3/Eigen/Core:344:0[m[K,
                 from [01m[K/home/sahib/Documents/ORBSlam/Thirdparty/Pangolin/include/pangolin/display/opengl_render_state.h:40[m[K,
                 from [01m[K/home/sahib/Documents/ORBSlam/Thirdparty/Pangolin/include/pangolin/display/viewport.h:31[m[K,
                 from [01m[K/home/sahib/Documents/ORBSlam/Thirdparty/Pangolin/include/pangolin/gl/gl.h:30[m[K,
                 from [01m[K/home/sahib/Documents/ORBSlam/Thirdparty/Pangolin/include/pangolin/pangolin.h:33[m[K,
                 from [01m[K/home/sahib/Documents/ORBSlam/Thirdparty/Pangolin/include/../../../include/MapDrawer.h:27[m[K,
                 from [01m[K/home/sahib/Documents/ORBSlam/Thirdparty/Pangolin/include/../../../include/Viewer.h:26[m[K,
                 from [01m[K/home/sahib/Documents/ORBSlam/Thirdparty/Pangolin/include/../../../include/Tracking.h:28[m[K,
                 from [01m[K/home/sahib/Documents/ORBSlam/Thirdparty/Pangolin/include/../../../include/System.h:30[m[K,
                 from [01m[K/home/sahib/Documents/ORBSlam/Examples/ROS/workspace/src/orb_slam/src/ros_mono.cc:32[m[K:
[01m[K/usr/include/eigen3/Eigen/src/Core/util/Constants.h:162:37:[m[K [01;36m[Knote: [m[Kdeclared here
 EIGEN_DEPRECATED const unsigned int [01;36m[KAlignedBit[m[K = 0x80;
                                     [01;36m[K^~~~~~~~~~[m[K
In file included from [01m[K/home/sahib/Documents/ORBSlam/Examples/ROS/workspace/src/orb_slam/../../../../../Thirdparty/g2o/g2o/types/types_seven_dof_expmap.h:35:0[m[K,
                 from [01m[K/home/sahib/Documents/ORBSlam/Thirdparty/Pangolin/include/../../../include/LoopClosing.h:34[m[K,
                 from [01m[K/home/sahib/Documents/ORBSlam/Thirdparty/Pangolin/include/../../../include/LocalMapping.h:26[m[K,
                 from [01m[K/home/sahib/Documents/ORBSlam/Thirdparty/Pangolin/include/../../../include/Tracking.h:31[m[K,
                 from [01m[K/home/sahib/Documents/ORBSlam/Thirdparty/Pangolin/include/../../../include/System.h:30[m[K,
                 from [01m[K/home/sahib/Documents/ORBSlam/Examples/ROS/workspace/src/orb_slam/src/ros_mono.cc:32[m[K:
[01m[K/home/sahib/Documents/ORBSlam/Examples/ROS/workspace/src/orb_slam/../../../../../Thirdparty/g2o/g2o/types/../core/base_binary_edge.h:60:80:[m[K [01;35m[Kwarning: [m[K‘[01m[KEigen::AlignedBit[m[K’ is deprecated [[01;35m[K-Wdeprecated-declarations[m[K]
       typedef Eigen::Map<Matrix<double, Dj, Di>, [01;35m[KMatrix<double, Dj, Di>::Flags & AlignedBit[m[K ? Aligned : Unaligned > HessianBlockTransposedType;
                                                  [01;35m[K~~~~~~~~~~~~~~~~~~~~~~~~~~~~~~^~~~~~~~~~~~[m[K
In file included from [01m[K/usr/include/eigen3/Eigen/Core:344:0[m[K,
                 from [01m[K/home/sahib/Documents/ORBSlam/Thirdparty/Pangolin/include/pangolin/display/opengl_render_state.h:40[m[K,
                 from [01m[K/home/sahib/Documents/ORBSlam/Thirdparty/Pangolin/include/pangolin/display/viewport.h:31[m[K,
                 from [01m[K/home/sahib/Documents/ORBSlam/Thirdparty/Pangolin/include/pangolin/gl/gl.h:30[m[K,
                 from [01m[K/home/sahib/Documents/ORBSlam/Thirdparty/Pangolin/include/pangolin/pangolin.h:33[m[K,
                 from [01m[K/home/sahib/Documents/ORBSlam/Thirdparty/Pangolin/include/../../../include/MapDrawer.h:27[m[K,
                 from [01m[K/home/sahib/Documents/ORBSlam/Thirdparty/Pangolin/include/../../../include/Viewer.h:26[m[K,
                 from [01m[K/home/sahib/Documents/ORBSlam/Thirdparty/Pangolin/include/../../../include/Tracking.h:28[m[K,
                 from [01m[K/home/sahib/Documents/ORBSlam/Thirdparty/Pangolin/include/../../../include/System.h:30[m[K,
                 from [01m[K/home/sahib/Documents/ORBSlam/Examples/ROS/workspace/src/orb_slam/src/ros_mono.cc:32[m[K:
[01m[K/usr/include/eigen3/Eigen/src/Core/util/Constants.h:162:37:[m[K [01;36m[Knote: [m[Kdeclared here
 EIGEN_DEPRECATED const unsigned int [01;36m[KAlignedBit[m[K = 0x80;
                                     [01;36m[K^~~~~~~~~~[m[K
In file included from [01m[K/home/sahib/Documents/ORBSlam/Examples/ROS/workspace/src/orb_slam/../../../../../Thirdparty/g2o/g2o/types/types_seven_dof_expmap.h:35:0[m[K,
                 from [01m[K/home/sahib/Documents/ORBSlam/Thirdparty/Pangolin/include/../../../include/LoopClosing.h:34[m[K,
                 from [01m[K/home/sahib/Documents/ORBSlam/Thirdparty/Pangolin/include/../../../include/LocalMapping.h:26[m[K,
                 from [01m[K/home/sahib/Documents/ORBSlam/Thirdparty/Pangolin/include/../../../include/Tracking.h:31[m[K,
                 from [01m[K/home/sahib/Documents/ORBSlam/Thirdparty/Pangolin/include/../../../include/System.h:30[m[K,
                 from [01m[K/home/sahib/Documents/ORBSlam/Examples/ROS/workspace/src/orb_slam/src/ros_mono.cc:32[m[K:
/home/sahib/Documents/ORBSlam/Examples/ROS/workspace/src/orb_slam/../../../../../Thirdparty/g2o/g2o/types/../core/base_binary_edge.h: In instantiation of ‘[01m[Kclass g2o::BaseBinaryEdge<2, Eigen::Matrix<double, 2, 1>, g2o::VertexSBAPointXYZ, g2o::VertexSim3Expmap>[m[K’:
[01m[K/home/sahib/Documents/ORBSlam/Examples/ROS/workspace/src/orb_slam/../../../../../Thirdparty/g2o/g2o/types/types_seven_dof_expmap.h:130:36:[m[K   required from here
[01m[K/home/sahib/Documents/ORBSlam/Examples/ROS/workspace/src/orb_slam/../../../../../Thirdparty/g2o/g2o/types/../core/base_binary_edge.h:59:80:[m[K [01;35m[Kwarning: [m[K‘[01m[KEigen::AlignedBit[m[K’ is deprecated [[01;35m[K-Wdeprecated-declarations[m[K]
       typedef Eigen::Map<Matrix<double, Di, Dj>, [01;35m[KMatrix<double, Di, Dj>::Flags & AlignedBit[m[K ? Aligned : Unaligned > HessianBlockType;
                                                  [01;35m[K~~~~~~~~~~~~~~~~~~~~~~~~~~~~~~^~~~~~~~~~~~[m[K
In file included from [01m[K/usr/include/eigen3/Eigen/Core:344:0[m[K,
                 from [01m[K/home/sahib/Documents/ORBSlam/Thirdparty/Pangolin/include/pangolin/display/opengl_render_state.h:40[m[K,
                 from [01m[K/home/sahib/Documents/ORBSlam/Thirdparty/Pangolin/include/pangolin/display/viewport.h:31[m[K,
                 from [01m[K/home/sahib/Documents/ORBSlam/Thirdparty/Pangolin/include/pangolin/gl/gl.h:30[m[K,
                 from [01m[K/home/sahib/Documents/ORBSlam/Thirdparty/Pangolin/include/pangolin/pangolin.h:33[m[K,
                 from [01m[K/home/sahib/Documents/ORBSlam/Thirdparty/Pangolin/include/../../../include/MapDrawer.h:27[m[K,
                 from [01m[K/home/sahib/Documents/ORBSlam/Thirdparty/Pangolin/include/../../../include/Viewer.h:26[m[K,
                 from [01m[K/home/sahib/Documents/ORBSlam/Thirdparty/Pangolin/include/../../../include/Tracking.h:28[m[K,
                 from [01m[K/home/sahib/Documents/ORBSlam/Thirdparty/Pangolin/include/../../../include/System.h:30[m[K,
                 from [01m[K/home/sahib/Documents/ORBSlam/Examples/ROS/workspace/src/orb_slam/src/ros_mono.cc:32[m[K:
[01m[K/usr/include/eigen3/Eigen/src/Core/util/Constants.h:162:37:[m[K [01;36m[Knote: [m[Kdeclared here
 EIGEN_DEPRECATED const unsigned int [01;36m[KAlignedBit[m[K = 0x80;
                                     [01;36m[K^~~~~~~~~~[m[K
In file included from [01m[K/home/sahib/Documents/ORBSlam/Examples/ROS/workspace/src/orb_slam/../../../../../Thirdparty/g2o/g2o/types/types_seven_dof_expmap.h:35:0[m[K,
                 from [01m[K/home/sahib/Documents/ORBSlam/Thirdparty/Pangolin/include/../../../include/LoopClosing.h:34[m[K,
                 from [01m[K/home/sahib/Documents/ORBSlam/Thirdparty/Pangolin/include/../../../include/LocalMapping.h:26[m[K,
                 from [01m[K/home/sahib/Documents/ORBSlam/Thirdparty/Pangolin/include/../../../include/Tracking.h:31[m[K,
                 from [01m[K/home/sahib/Documents/ORBSlam/Thirdparty/Pangolin/include/../../../include/System.h:30[m[K,
                 from [01m[K/home/sahib/Documents/ORBSlam/Examples/ROS/workspace/src/orb_slam/src/ros_mono.cc:32[m[K:
[01m[K/home/sahib/Documents/ORBSlam/Examples/ROS/workspace/src/orb_slam/../../../../../Thirdparty/g2o/g2o/types/../core/base_binary_edge.h:60:80:[m[K [01;35m[Kwarning: [m[K‘[01m[KEigen::AlignedBit[m[K’ is deprecated [[01;35m[K-Wdeprecated-declarations[m[K]
       typedef Eigen::Map<Matrix<double, Dj, Di>, [01;35m[KMatrix<double, Dj, Di>::Flags & AlignedBit[m[K ? Aligned : Unaligned > HessianBlockTransposedType;
                                                  [01;35m[K~~~~~~~~~~~~~~~~~~~~~~~~~~~~~~^~~~~~~~~~~~[m[K
In file included from [01m[K/usr/include/eigen3/Eigen/Core:344:0[m[K,
                 from [01m[K/home/sahib/Documents/ORBSlam/Thirdparty/Pangolin/include/pangolin/display/opengl_render_state.h:40[m[K,
                 from [01m[K/home/sahib/Documents/ORBSlam/Thirdparty/Pangolin/include/pangolin/display/viewport.h:31[m[K,
                 from [01m[K/home/sahib/Documents/ORBSlam/Thirdparty/Pangolin/include/pangolin/gl/gl.h:30[m[K,
                 from [01m[K/home/sahib/Documents/ORBSlam/Thirdparty/Pangolin/include/pangolin/pangolin.h:33[m[K,
                 from [01m[K/home/sahib/Documents/ORBSlam/Thirdparty/Pangolin/include/../../../include/MapDrawer.h:27[m[K,
                 from [01m[K/home/sahib/Documents/ORBSlam/Thirdparty/Pangolin/include/../../../include/Viewer.h:26[m[K,
                 from [01m[K/home/sahib/Documents/ORBSlam/Thirdparty/Pangolin/include/../../../include/Tracking.h:28[m[K,
                 from [01m[K/home/sahib/Documents/ORBSlam/Thirdparty/Pangolin/include/../../../include/System.h:30[m[K,
                 from [01m[K/home/sahib/Documents/ORBSlam/Examples/ROS/workspace/src/orb_slam/src/ros_mono.cc:32[m[K:
[01m[K/usr/include/eigen3/Eigen/src/Core/util/Constants.h:162:37:[m[K [01;36m[Knote: [m[Kdeclared here
 EIGEN_DEPRECATED const unsigned int [01;36m[KAlignedBit[m[K = 0x80;
                                     [01;36m[K^~~~~~~~~~[m[K
CMakeFiles/mono_slam.dir/src/ros_mono.cc.o: In function `ImageGrabber::GrabImage(boost::shared_ptr<sensor_msgs::Image_<std::allocator<void> > const> const&)':
ros_mono.cc:(.text+0x1e3): undefined reference to `ORB_SLAM2::System::TrackMonocular(cv::Mat const&, double const&)'
CMakeFiles/mono_slam.dir/src/ros_mono.cc.o: In function `pangolin::GlBufferData::~GlBufferData()':
ros_mono.cc:(.text._ZN8pangolin12GlBufferDataD2Ev[_ZN8pangolin12GlBufferDataD5Ev]+0x1c): undefined reference to `__glewDeleteBuffers'
CMakeFiles/mono_slam.dir/src/ros_mono.cc.o: In function `pangolin::GlBufferData::~GlBufferData()':
ros_mono.cc:(.text._ZN8pangolin12GlBufferDataD0Ev[_ZN8pangolin12GlBufferDataD5Ev]+0x20): undefined reference to `__glewDeleteBuffers'
CMakeFiles/mono_slam.dir/src/ros_mono.cc.o: In function `pangolin::GlTexture::Reinitialise(int, int, int, bool, int, unsigned int, unsigned int, void*)':
ros_mono.cc:(.text._ZN8pangolin9GlTexture12ReinitialiseEiiibijjPv[_ZN8pangolin9GlTexture12ReinitialiseEiiibijjPv]+0x4a): undefined reference to `glGenTextures'
ros_mono.cc:(.text._ZN8pangolin9GlTexture12ReinitialiseEiiibijjPv[_ZN8pangolin9GlTexture12ReinitialiseEiiibijjPv]+0x57): undefined reference to `glBindTexture'
ros_mono.cc:(.text._ZN8pangolin9GlTexture12ReinitialiseEiiibijjPv[_ZN8pangolin9GlTexture12ReinitialiseEiiibijjPv]+0x7c): undefined reference to `glTexImage2D'
ros_mono.cc:(.text._ZN8pangolin9GlTexture12ReinitialiseEiiibijjPv[_ZN8pangolin9GlTexture12ReinitialiseEiiibijjPv]+0x99): undefined reference to `glTexParameteri'
ros_mono.cc:(.text._ZN8pangolin9GlTexture12ReinitialiseEiiibijjPv[_ZN8pangolin9GlTexture12ReinitialiseEiiibijjPv]+0xad): undefined reference to `glTexParameteri'
ros_mono.cc:(.text._ZN8pangolin9GlTexture12ReinitialiseEiiibijjPv[_ZN8pangolin9GlTexture12ReinitialiseEiiibijjPv]+0xc1): undefined reference to `glTexParameteri'
ros_mono.cc:(.text._ZN8pangolin9GlTexture12ReinitialiseEiiibijjPv[_ZN8pangolin9GlTexture12ReinitialiseEiiibijjPv]+0xd5): undefined reference to `glTexParameteri'
ros_mono.cc:(.text._ZN8pangolin9GlTexture12ReinitialiseEiiibijjPv[_ZN8pangolin9GlTexture12ReinitialiseEiiibijjPv]+0xda): undefined reference to `glGetError'
ros_mono.cc:(.text._ZN8pangolin9GlTexture12ReinitialiseEiiibijjPv[_ZN8pangolin9GlTexture12ReinitialiseEiiibijjPv]+0x108): undefined reference to `glTexParameteri'
ros_mono.cc:(.text._ZN8pangolin9GlTexture12ReinitialiseEiiibijjPv[_ZN8pangolin9GlTexture12ReinitialiseEiiibijjPv]+0x11c): undefined reference to `glTexParameteri'
ros_mono.cc:(.text._ZN8pangolin9GlTexture12ReinitialiseEiiibijjPv[_ZN8pangolin9GlTexture12ReinitialiseEiiibijjPv]+0x12b): undefined reference to `pangolin::glErrorString(unsigned int)'
ros_mono.cc:(.text._ZN8pangolin9GlTexture12ReinitialiseEiiibijjPv[_ZN8pangolin9GlTexture12ReinitialiseEiiibijjPv]+0x1a1): undefined reference to `glDeleteTextures'
CMakeFiles/mono_slam.dir/src/ros_mono.cc.o: In function `pangolin::GlTexture::~GlTexture()':
ros_mono.cc:(.text._ZN8pangolin9GlTextureD2Ev[_ZN8pangolin9GlTextureD5Ev]+0x1d): undefined reference to `pangolin::ShouldQuit()'
ros_mono.cc:(.text._ZN8pangolin9GlTextureD2Ev[_ZN8pangolin9GlTextureD5Ev]+0x3b): undefined reference to `glDeleteTextures'
CMakeFiles/mono_slam.dir/src/ros_mono.cc.o: In function `pangolin::GlTexture::~GlTexture()':
ros_mono.cc:(.text._ZN8pangolin9GlTextureD0Ev[_ZN8pangolin9GlTextureD5Ev]+0x21): undefined reference to `pangolin::ShouldQuit()'
ros_mono.cc:(.text._ZN8pangolin9GlTextureD0Ev[_ZN8pangolin9GlTextureD5Ev]+0x33): undefined reference to `glDeleteTextures'
CMakeFiles/mono_slam.dir/src/ros_mono.cc.o: In function `main':
ros_mono.cc:(.text.startup+0x111): undefined reference to `ORB_SLAM2::System::System(std::__cxx11::basic_string<char, std::char_traits<char>, std::allocator<char> > const&, std::__cxx11::basic_string<char, std::char_traits<char>, std::allocator<char> > const&, ORB_SLAM2::System::eSensor, bool)'
ros_mono.cc:(.text.startup+0x2a0): undefined reference to `ORB_SLAM2::System::Shutdown()'
ros_mono.cc:(.text.startup+0x2bd): undefined reference to `ORB_SLAM2::System::SaveKeyFrameTrajectoryTUM(std::__cxx11::basic_string<char, std::char_traits<char>, std::allocator<char> > const&)'
CMakeFiles/mono_slam.dir/src/ros_mono.cc.o:(.data.rel+0x0): undefined reference to `vtable for pangolin::HandlerScroll'
CMakeFiles/mono_slam.dir/src/ros_mono.cc.o:(.data.rel+0x8): undefined reference to `vtable for pangolin::Handler'
collect2: error: ld returned 1 exit status
make[2]: *** [/home/sahib/Documents/ORBSlam/Examples/ROS/workspace/devel/.private/orb_slam/lib/orb_slam/mono_slam] Error 1
make[1]: *** [CMakeFiles/mono_slam.dir/all] Error 2
make: *** [all] Error 2
